<?xml version="1.0" encoding="utf-8"?><testsuites name="pytest tests"><testsuite name="pytest" errors="0" failures="0" skipped="0" tests="11" time="22.303" timestamp="2026-06-28T22:30:54.130465+00:00" hostname="agent-env-8029579c-d270-47ef-a1e0-18a4e874afcb"><testcase classname="tests.test_car_images.TestCount" name="test_total_cars_is_217" time="0.269" /><testcase classname="tests.test_car_images.TestImageCoverage" name="test_image_url_field_present" time="0.000" /><testcase classname="tests.test_car_images.TestImageCoverage" name="test_image_url_coverage_ge_99pct" time="0.000" /><testcase classname="tests.test_car_images.TestImageCoverage" name="test_image_url_uniqueness_ge_90" time="0.000" /><testcase classname="tests.test_car_images.TestImageHostname" name="test_all_urls_are_wikimedia" time="0.001" /><testcase classname="tests.test_car_images.TestImageReachability" name="test_ten_random_urls_return_200" time="21.179" /><testcase classname="tests.test_car_images.TestCarDetailSchema" name="test_detail_returns_image_url" time="0.414" /><testcase classname="tests.test_car_images.TestRegression" name="test_stats_returns_217" time="0.113" /><testcase classname="tests.test_car_images.TestRegression" name="test_most_watched_shape" time="0.108" /><testcase classname="tests.test_car_images.TestRegression" name="test_quiz_match_returns_matches" time="0.132" /><testcase classname="tests.test_car_images.TestRegression" name="test_legacy_fields_present" time="0.000" /></testsuite></testsuites>