<?xml version="1.0" encoding="utf-8"?><testsuites name="pytest tests"><testsuite name="pytest" errors="0" failures="0" skipped="0" tests="9" time="0.521" timestamp="2026-06-28T21:27:11.592211+00:00" hostname="agent-env-8029579c-d270-47ef-a1e0-18a4e874afcb"><testcase classname="tests.test_vercel_config.TestVercelConfigBugFix" name="test_vercel_json_is_valid_json" time="0.001" /><testcase classname="tests.test_vercel_config.TestVercelConfigBugFix" name="test_root_directory_is_absent" time="0.000" /><testcase classname="tests.test_vercel_config.TestVercelConfigBugFix" name="test_framework_preserved" time="0.000" /><testcase classname="tests.test_vercel_config.TestVercelConfigBugFix" name="test_install_command_scopes_into_frontend" time="0.000" /><testcase classname="tests.test_vercel_config.TestVercelConfigBugFix" name="test_build_command_scopes_into_frontend" time="0.000" /><testcase classname="tests.test_vercel_config.TestVercelConfigBugFix" name="test_output_directory_points_to_frontend_build" time="0.000" /><testcase classname="tests.test_vercel_config.TestVercelConfigBugFix" name="test_github_silent_preserved" time="0.000" /><testcase classname="tests.test_vercel_config.TestVercelConfigBugFix" name="test_immutable_cache_header_preserved" time="0.000" /><testcase classname="tests.test_vercel_config.TestVercelConfigBugFix" name="test_frontend_build_script_intact" time="0.000" /></testsuite></testsuites>